<?xml version="1.0" encoding="UTF-8"?>
<!-- Generated by org.testng.reporters.JUnitReportReporter -->
<testsuite hostname="LAPTOP-KA4DGM33" failures="0" tests="1" name="com.testScripts.FileUploadTest" time="36.935" errors="0" timestamp="2022-11-09T15:17:07 IST" skipped="0">
  <testcase classname="com.testScripts.FileUploadTest" name="clickChooseFile" time="36.935"/>
  <system-out/>
</testsuite> <!-- com.testScripts.FileUploadTest -->
