<?xml version="1.0" encoding="UTF-8"?>
<!-- Generated by org.testng.reporters.JUnitReportReporter -->
<testsuite hostname="LAPTOP-KA4DGM33" failures="0" tests="3" name="com.testScripts.CheckBoxTest" time="0.125" errors="0" timestamp="2022-11-08T12:44:22 IST" skipped="0">
  <testcase classname="com.testScripts.CheckBoxTest" name="statusOfCheckBoxesBeforeHandling" time="0.040"/>
  <system-out/>
  <testcase classname="com.testScripts.CheckBoxTest" name="handleCheckBoxes" time="0.064"/>
  <system-out/>
  <testcase classname="com.testScripts.CheckBoxTest" name="statusOfCheckBoxesAfterHandling" time="0.021"/>
  <system-out/>
</testsuite> <!-- com.testScripts.CheckBoxTest -->
