<?xml version="1.0" encoding="UTF-8"?>
<!-- Generated by org.testng.reporters.JUnitReportReporter -->
<testsuite hostname="LAPTOP-KA4DGM33" failures="0" tests="5" name="com.testScripts.AddRemoveButtonsTest" time="0.492" errors="0" timestamp="2022-11-05T12:31:02 IST" skipped="0">
  <testcase classname="com.testScripts.AddRemoveButtonsTest" name="checkVisibilityOfDeleteButtonOnStart" time="0.036"/>
  <system-out/>
  <testcase classname="com.testScripts.AddRemoveButtonsTest" name="checkVisibilityOfDeleteButtonOnClickingAddButton" time="0.107"/>
  <system-out/>
  <testcase classname="com.testScripts.AddRemoveButtonsTest" name="checkAddAndDeleteButtonsAreEnabled" time="0.055"/>
  <system-out/>
  <testcase classname="com.testScripts.AddRemoveButtonsTest" name="checkNDeleteButtonsVisibileOnClickingAddButtonNTimes" time="0.223"/>
  <system-out/>
  <testcase classname="com.testScripts.AddRemoveButtonsTest" name="clickDeleteButtonNTimesAndCheckDeleteButtonCountDecreasedByN" time="0.071"/>
  <system-out/>
</testsuite> <!-- com.testScripts.AddRemoveButtonsTest -->
