<?xml version="1.0" encoding="UTF-8"?>
<!-- Generated by org.testng.reporters.JUnitReportReporter -->
<testsuite hostname="LAPTOP-KA4DGM33" failures="0" tests="1" name="com.testScripts.ContextMenuTest" time="0.487" errors="0" timestamp="2022-11-08T18:41:20 IST" skipped="0">
  <testcase classname="com.testScripts.ContextMenuTest" name="contextClick" time="0.487"/>
  <system-out/>
</testsuite> <!-- com.testScripts.ContextMenuTest -->
