<?xml version="1.0" encoding="UTF-8"?>
<!-- Generated by org.testng.reporters.JUnitReportReporter -->
<testsuite hostname="LAPTOP-KA4DGM33" failures="0" tests="3" name="com.testScripts.BasicAuthTest" time="0.752" errors="0" timestamp="2022-11-05T17:14:37 IST" skipped="0">
  <testcase classname="com.testScripts.BasicAuthTest" name="enterCred" time="0.710"/>
  <system-out/>
  <testcase classname="com.testScripts.BasicAuthTest" name="checkHeading" time="0.023"/>
  <system-out/>
  <testcase classname="com.testScripts.BasicAuthTest" name="checkParagraph" time="0.019"/>
  <system-out/>
</testsuite> <!-- com.testScripts.BasicAuthTest -->
